[2020-05-21 22:35:30.266] [exthost] [info] extension host started
[2020-05-21 22:35:32.037] [exthost] [info] extension host started
[2020-05-21 22:35:32.556] [exthost] [info] ExtensionService#_doActivateExtension vscode.grunt {"startup":false,"extensionId":{"value":"vscode.grunt","_lower":"vscode.grunt"},"activationEvent":"onCommand:workbench.action.tasks.runTask"}
[2020-05-21 22:35:32.558] [exthost] [info] ExtensionService#loadCommonJSModule file:///c:/Users/User/.p2/pool/plugins/com.genuitec.eclipse.code.engine.app.win32.x86_64_3.6.0.202002212104/engine/resources/app/extensions/grunt/dist/main
[2020-05-21 22:35:33.419] [exthost] [info] ExtensionService#_doActivateExtension vscode.gulp {"startup":false,"extensionId":{"value":"vscode.gulp","_lower":"vscode.gulp"},"activationEvent":"onCommand:workbench.action.tasks.runTask"}
[2020-05-21 22:35:33.420] [exthost] [info] ExtensionService#loadCommonJSModule file:///c:/Users/User/.p2/pool/plugins/com.genuitec.eclipse.code.engine.app.win32.x86_64_3.6.0.202002212104/engine/resources/app/extensions/gulp/dist/main
[2020-05-21 22:35:33.592] [exthost] [info] ExtensionService#_doActivateExtension vscode.jake {"startup":false,"extensionId":{"value":"vscode.jake","_lower":"vscode.jake"},"activationEvent":"onCommand:workbench.action.tasks.runTask"}
[2020-05-21 22:35:33.593] [exthost] [info] ExtensionService#loadCommonJSModule file:///c:/Users/User/.p2/pool/plugins/com.genuitec.eclipse.code.engine.app.win32.x86_64_3.6.0.202002212104/engine/resources/app/extensions/jake/dist/main
[2020-05-21 22:35:33.725] [exthost] [info] ExtensionService#_doActivateExtension vscode.npm {"startup":false,"extensionId":{"value":"vscode.npm","_lower":"vscode.npm"},"activationEvent":"onCommand:workbench.action.tasks.runTask"}
[2020-05-21 22:35:33.726] [exthost] [info] ExtensionService#loadCommonJSModule file:///c:/Users/User/.p2/pool/plugins/com.genuitec.eclipse.code.engine.app.win32.x86_64_3.6.0.202002212104/engine/resources/app/extensions/npm/dist/main
[2020-05-21 22:35:34.517] [exthost] [info] ExtensionService#_doActivateExtension vscode.typescript-language-features {"startup":false,"extensionId":{"value":"vscode.typescript-language-features","_lower":"vscode.typescript-language-features"},"activationEvent":"onCommand:workbench.action.tasks.runTask"}
[2020-05-21 22:35:34.517] [exthost] [info] ExtensionService#loadCommonJSModule file:///c:/Users/User/.p2/pool/plugins/com.genuitec.eclipse.code.engine.app.win32.x86_64_3.6.0.202002212104/engine/resources/app/extensions/typescript-language-features/dist/extension
[2020-05-21 22:35:35.011] [exthost] [info] ExtensionService#_doActivateExtension HookyQR.beautify {"startup":true,"extensionId":{"value":"HookyQR.beautify","_lower":"hookyqr.beautify"},"activationEvent":"*"}
[2020-05-21 22:35:35.011] [exthost] [info] ExtensionService#loadCommonJSModule file:///c:/Users/User/.p2/pool/plugins/pack.core.win_3.6.0.202001241725/HookyQR.beautify-1.4.11/extension
[2020-05-21 22:35:42.918] [exthost] [info] ExtensionService#_doActivateExtension christian-kohler.path-intellisense {"startup":true,"extensionId":{"value":"christian-kohler.path-intellisense","_lower":"christian-kohler.path-intellisense"},"activationEvent":"*"}
[2020-05-21 22:35:42.919] [exthost] [info] ExtensionService#loadCommonJSModule file:///c:/Users/User/.p2/pool/plugins/pack.core.win_3.6.0.202001241725/christian-kohler.path-intellisense-1.4.2/out/src/extension
[2020-05-21 22:35:44.806] [exthost] [info] ExtensionService#_doActivateExtension dbaeumer.vscode-eslint {"startup":true,"extensionId":{"value":"dbaeumer.vscode-eslint","_lower":"dbaeumer.vscode-eslint"},"activationEvent":"*"}
[2020-05-21 22:35:44.806] [exthost] [info] ExtensionService#loadCommonJSModule file:///c:/Users/User/.p2/pool/plugins/pack.core.win_3.6.0.202001241725/dbaeumer.vscode-eslint-1.9.0/client/out/extension
[2020-05-21 22:35:45.561] [exthost] [info] ExtensionService#_doActivateExtension vscode.debug-auto-launch {"startup":true,"extensionId":{"value":"vscode.debug-auto-launch","_lower":"vscode.debug-auto-launch"},"activationEvent":"*"}
[2020-05-21 22:35:45.561] [exthost] [info] ExtensionService#loadCommonJSModule file:///c:/Users/User/.p2/pool/plugins/com.genuitec.eclipse.code.engine.app.win32.x86_64_3.6.0.202002212104/engine/resources/app/extensions/debug-auto-launch/dist/extension
[2020-05-21 22:35:45.667] [exthost] [info] ExtensionService#_doActivateExtension vscode.emmet {"startup":true,"extensionId":{"value":"vscode.emmet","_lower":"vscode.emmet"},"activationEvent":"*"}
[2020-05-21 22:35:45.667] [exthost] [info] ExtensionService#loadCommonJSModule file:///c:/Users/User/.p2/pool/plugins/com.genuitec.eclipse.code.engine.app.win32.x86_64_3.6.0.202002212104/engine/resources/app/extensions/emmet/dist/extension
[2020-05-21 22:35:46.013] [exthost] [info] ExtensionService#_doActivateExtension formulahendry.auto-close-tag {"startup":true,"extensionId":{"value":"formulahendry.auto-close-tag","_lower":"formulahendry.auto-close-tag"},"activationEvent":"*"}
[2020-05-21 22:35:46.013] [exthost] [info] ExtensionService#loadCommonJSModule file:///c:/Users/User/.p2/pool/plugins/pack.core.win_3.6.0.202001241725/formulahendry.auto-close-tag-0.5.6/out/src/extension
[2020-05-21 22:35:46.291] [exthost] [info] eager extensions activated
[2020-05-21 22:37:27.399] [exthost] [info] ExtensionService#_doActivateExtension vscode.configuration-editing {"startup":false,"extensionId":{"value":"vscode.configuration-editing","_lower":"vscode.configuration-editing"},"activationEvent":"onLanguage:jsonc"}
[2020-05-21 22:37:27.400] [exthost] [info] ExtensionService#loadCommonJSModule file:///c:/Users/User/.p2/pool/plugins/com.genuitec.eclipse.code.engine.app.win32.x86_64_3.6.0.202002212104/engine/resources/app/extensions/configuration-editing/dist/extension
[2020-05-21 22:37:27.786] [exthost] [info] ExtensionService#_doActivateExtension vscode.json-language-features {"startup":false,"extensionId":{"value":"vscode.json-language-features","_lower":"vscode.json-language-features"},"activationEvent":"onLanguage:jsonc"}
[2020-05-21 22:37:27.786] [exthost] [info] ExtensionService#loadCommonJSModule file:///c:/Users/User/.p2/pool/plugins/com.genuitec.eclipse.code.engine.app.win32.x86_64_3.6.0.202002212104/engine/resources/app/extensions/json-language-features/client/dist/jsonMain
[2020-05-21 22:37:32.987] [exthost] [info] extension host started
[2020-05-21 22:37:33.035] [exthost] [info] ExtensionService#_doActivateExtension vscode.grunt {"startup":false,"extensionId":{"value":"vscode.grunt","_lower":"vscode.grunt"},"activationEvent":"onCommand:workbench.action.tasks.runTask"}
[2020-05-21 22:37:33.035] [exthost] [info] ExtensionService#loadCommonJSModule file:///c:/Users/User/.p2/pool/plugins/com.genuitec.eclipse.code.engine.app.win32.x86_64_3.6.0.202002212104/engine/resources/app/extensions/grunt/dist/main
[2020-05-21 22:37:33.045] [exthost] [info] ExtensionService#_doActivateExtension vscode.gulp {"startup":false,"extensionId":{"value":"vscode.gulp","_lower":"vscode.gulp"},"activationEvent":"onCommand:workbench.action.tasks.runTask"}
[2020-05-21 22:37:33.045] [exthost] [info] ExtensionService#loadCommonJSModule file:///c:/Users/User/.p2/pool/plugins/com.genuitec.eclipse.code.engine.app.win32.x86_64_3.6.0.202002212104/engine/resources/app/extensions/gulp/dist/main
[2020-05-21 22:37:33.052] [exthost] [info] ExtensionService#_doActivateExtension vscode.jake {"startup":false,"extensionId":{"value":"vscode.jake","_lower":"vscode.jake"},"activationEvent":"onCommand:workbench.action.tasks.runTask"}
[2020-05-21 22:37:33.053] [exthost] [info] ExtensionService#loadCommonJSModule file:///c:/Users/User/.p2/pool/plugins/com.genuitec.eclipse.code.engine.app.win32.x86_64_3.6.0.202002212104/engine/resources/app/extensions/jake/dist/main
[2020-05-21 22:37:33.063] [exthost] [info] ExtensionService#_doActivateExtension vscode.npm {"startup":false,"extensionId":{"value":"vscode.npm","_lower":"vscode.npm"},"activationEvent":"onCommand:workbench.action.tasks.runTask"}
[2020-05-21 22:37:33.063] [exthost] [info] ExtensionService#loadCommonJSModule file:///c:/Users/User/.p2/pool/plugins/com.genuitec.eclipse.code.engine.app.win32.x86_64_3.6.0.202002212104/engine/resources/app/extensions/npm/dist/main
[2020-05-21 22:37:33.090] [exthost] [info] ExtensionService#_doActivateExtension vscode.typescript-language-features {"startup":false,"extensionId":{"value":"vscode.typescript-language-features","_lower":"vscode.typescript-language-features"},"activationEvent":"onCommand:workbench.action.tasks.runTask"}
[2020-05-21 22:37:33.091] [exthost] [info] ExtensionService#loadCommonJSModule file:///c:/Users/User/.p2/pool/plugins/com.genuitec.eclipse.code.engine.app.win32.x86_64_3.6.0.202002212104/engine/resources/app/extensions/typescript-language-features/dist/extension
[2020-05-21 22:37:33.125] [exthost] [info] ExtensionService#_doActivateExtension vscode.configuration-editing {"startup":false,"extensionId":{"value":"vscode.configuration-editing","_lower":"vscode.configuration-editing"},"activationEvent":"onLanguage:jsonc"}
[2020-05-21 22:37:33.125] [exthost] [info] ExtensionService#loadCommonJSModule file:///c:/Users/User/.p2/pool/plugins/com.genuitec.eclipse.code.engine.app.win32.x86_64_3.6.0.202002212104/engine/resources/app/extensions/configuration-editing/dist/extension
[2020-05-21 22:37:33.142] [exthost] [info] ExtensionService#_doActivateExtension vscode.json-language-features {"startup":false,"extensionId":{"value":"vscode.json-language-features","_lower":"vscode.json-language-features"},"activationEvent":"onLanguage:jsonc"}
[2020-05-21 22:37:33.143] [exthost] [info] ExtensionService#loadCommonJSModule file:///c:/Users/User/.p2/pool/plugins/com.genuitec.eclipse.code.engine.app.win32.x86_64_3.6.0.202002212104/engine/resources/app/extensions/json-language-features/client/dist/jsonMain
[2020-05-21 22:37:33.250] [exthost] [info] ExtensionService#_doActivateExtension HookyQR.beautify {"startup":true,"extensionId":{"value":"HookyQR.beautify","_lower":"hookyqr.beautify"},"activationEvent":"*"}
[2020-05-21 22:37:33.250] [exthost] [info] ExtensionService#loadCommonJSModule file:///c:/Users/User/.p2/pool/plugins/pack.core.win_3.6.0.202001241725/HookyQR.beautify-1.4.11/extension
[2020-05-21 22:37:33.392] [exthost] [info] ExtensionService#_doActivateExtension christian-kohler.path-intellisense {"startup":true,"extensionId":{"value":"christian-kohler.path-intellisense","_lower":"christian-kohler.path-intellisense"},"activationEvent":"*"}
[2020-05-21 22:37:33.392] [exthost] [info] ExtensionService#loadCommonJSModule file:///c:/Users/User/.p2/pool/plugins/pack.core.win_3.6.0.202001241725/christian-kohler.path-intellisense-1.4.2/out/src/extension
[2020-05-21 22:37:33.429] [exthost] [info] ExtensionService#_doActivateExtension dbaeumer.vscode-eslint {"startup":true,"extensionId":{"value":"dbaeumer.vscode-eslint","_lower":"dbaeumer.vscode-eslint"},"activationEvent":"*"}
[2020-05-21 22:37:33.429] [exthost] [info] ExtensionService#loadCommonJSModule file:///c:/Users/User/.p2/pool/plugins/pack.core.win_3.6.0.202001241725/dbaeumer.vscode-eslint-1.9.0/client/out/extension
[2020-05-21 22:37:33.441] [exthost] [info] ExtensionService#_doActivateExtension vscode.debug-auto-launch {"startup":true,"extensionId":{"value":"vscode.debug-auto-launch","_lower":"vscode.debug-auto-launch"},"activationEvent":"*"}
[2020-05-21 22:37:33.441] [exthost] [info] ExtensionService#loadCommonJSModule file:///c:/Users/User/.p2/pool/plugins/com.genuitec.eclipse.code.engine.app.win32.x86_64_3.6.0.202002212104/engine/resources/app/extensions/debug-auto-launch/dist/extension
[2020-05-21 22:37:33.448] [exthost] [info] ExtensionService#_doActivateExtension vscode.emmet {"startup":true,"extensionId":{"value":"vscode.emmet","_lower":"vscode.emmet"},"activationEvent":"*"}
[2020-05-21 22:37:33.448] [exthost] [info] ExtensionService#loadCommonJSModule file:///c:/Users/User/.p2/pool/plugins/com.genuitec.eclipse.code.engine.app.win32.x86_64_3.6.0.202002212104/engine/resources/app/extensions/emmet/dist/extension
[2020-05-21 22:37:33.480] [exthost] [info] ExtensionService#_doActivateExtension formulahendry.auto-close-tag {"startup":true,"extensionId":{"value":"formulahendry.auto-close-tag","_lower":"formulahendry.auto-close-tag"},"activationEvent":"*"}
[2020-05-21 22:37:33.481] [exthost] [info] ExtensionService#loadCommonJSModule file:///c:/Users/User/.p2/pool/plugins/pack.core.win_3.6.0.202001241725/formulahendry.auto-close-tag-0.5.6/out/src/extension
[2020-05-21 22:37:33.551] [exthost] [info] eager extensions activated
[2020-05-21 22:37:37.991] [exthost] [info] ExtensionService#_doActivateExtension ms-vscode.vscode-typescript-tslint-plugin {"startup":false,"extensionId":{"value":"ms-vscode.vscode-typescript-tslint-plugin","_lower":"ms-vscode.vscode-typescript-tslint-plugin"},"activationEvent":"onLanguage:javascript"}
[2020-05-21 22:37:37.991] [exthost] [info] ExtensionService#loadCommonJSModule file:///c:/Users/User/.p2/pool/plugins/pack.core.win_3.6.0.202001241725/ms-vscode.vscode-typescript-tslint-plugin-1.2.2/out/index.js
