[Info  - 10:37:37 PM] ESLint server stopped.
[Info  - 10:37:40 PM] ESLint server running in node v12.4.0
[Info  - 10:37:40 PM] ESLint server is running.
[Info  - 10:37:52 PM] 
Failed to load the ESLint library for the document d:\Banking_Domain\Protractor_Demo\spec1.js

To use ESLint please install eslint by running npm install eslint in the workspace folder Protractor_Demo
or globally using 'npm install -g eslint'. You need to reopen the workspace after installing eslint.

If you are using yarn or pnpm instead of npm set the setting `eslint.packageManager` to either `yarn` or `pnpm`
Alternatively you can disable ESLint for the workspace folder Protractor_Demo by executing the 'Disable ESLint' command.
[Info  - 10:37:53 PM] 
Failed to load the ESLint library for the document d:\Banking_Domain\Protractor_Demo\spec1.js

To use ESLint please install eslint by running npm install eslint in the workspace folder Protractor_Demo
or globally using 'npm install -g eslint'. You need to reopen the workspace after installing eslint.

If you are using yarn or pnpm instead of npm set the setting `eslint.packageManager` to either `yarn` or `pnpm`
Alternatively you can disable ESLint for the workspace folder Protractor_Demo by executing the 'Disable ESLint' command.
[Info  - 10:37:53 PM] 
Failed to load the ESLint library for the document d:\Banking_Domain\Protractor_Demo\spec1.js

To use ESLint please install eslint by running npm install eslint in the workspace folder Protractor_Demo
or globally using 'npm install -g eslint'. You need to reopen the workspace after installing eslint.

If you are using yarn or pnpm instead of npm set the setting `eslint.packageManager` to either `yarn` or `pnpm`
Alternatively you can disable ESLint for the workspace folder Protractor_Demo by executing the 'Disable ESLint' command.
[Info  - 10:37:54 PM] 
Failed to load the ESLint library for the document d:\Banking_Domain\Protractor_Demo\spec1.js

To use ESLint please install eslint by running npm install eslint in the workspace folder Protractor_Demo
or globally using 'npm install -g eslint'. You need to reopen the workspace after installing eslint.

If you are using yarn or pnpm instead of npm set the setting `eslint.packageManager` to either `yarn` or `pnpm`
Alternatively you can disable ESLint for the workspace folder Protractor_Demo by executing the 'Disable ESLint' command.
[Info  - 10:37:54 PM] 
Failed to load the ESLint library for the document d:\Banking_Domain\Protractor_Demo\spec1.js

To use ESLint please install eslint by running npm install eslint in the workspace folder Protractor_Demo
or globally using 'npm install -g eslint'. You need to reopen the workspace after installing eslint.

If you are using yarn or pnpm instead of npm set the setting `eslint.packageManager` to either `yarn` or `pnpm`
Alternatively you can disable ESLint for the workspace folder Protractor_Demo by executing the 'Disable ESLint' command.
[Info  - 10:37:54 PM] 
Failed to load the ESLint library for the document d:\Banking_Domain\Protractor_Demo\spec1.js

To use ESLint please install eslint by running npm install eslint in the workspace folder Protractor_Demo
or globally using 'npm install -g eslint'. You need to reopen the workspace after installing eslint.

If you are using yarn or pnpm instead of npm set the setting `eslint.packageManager` to either `yarn` or `pnpm`
Alternatively you can disable ESLint for the workspace folder Protractor_Demo by executing the 'Disable ESLint' command.
[Info  - 10:37:55 PM] 
Failed to load the ESLint library for the document d:\Banking_Domain\Protractor_Demo\spec1.js

To use ESLint please install eslint by running npm install eslint in the workspace folder Protractor_Demo
or globally using 'npm install -g eslint'. You need to reopen the workspace after installing eslint.

If you are using yarn or pnpm instead of npm set the setting `eslint.packageManager` to either `yarn` or `pnpm`
Alternatively you can disable ESLint for the workspace folder Protractor_Demo by executing the 'Disable ESLint' command.
[Info  - 10:37:55 PM] 
Failed to load the ESLint library for the document d:\Banking_Domain\Protractor_Demo\spec1.js

To use ESLint please install eslint by running npm install eslint in the workspace folder Protractor_Demo
or globally using 'npm install -g eslint'. You need to reopen the workspace after installing eslint.

If you are using yarn or pnpm instead of npm set the setting `eslint.packageManager` to either `yarn` or `pnpm`
Alternatively you can disable ESLint for the workspace folder Protractor_Demo by executing the 'Disable ESLint' command.
[Info  - 10:37:55 PM] 
Failed to load the ESLint library for the document d:\Banking_Domain\Protractor_Demo\spec1.js

To use ESLint please install eslint by running npm install eslint in the workspace folder Protractor_Demo
or globally using 'npm install -g eslint'. You need to reopen the workspace after installing eslint.

If you are using yarn or pnpm instead of npm set the setting `eslint.packageManager` to either `yarn` or `pnpm`
Alternatively you can disable ESLint for the workspace folder Protractor_Demo by executing the 'Disable ESLint' command.
[Info  - 10:37:56 PM] 
Failed to load the ESLint library for the document d:\Banking_Domain\Protractor_Demo\spec1.js

To use ESLint please install eslint by running npm install eslint in the workspace folder Protractor_Demo
or globally using 'npm install -g eslint'. You need to reopen the workspace after installing eslint.

If you are using yarn or pnpm instead of npm set the setting `eslint.packageManager` to either `yarn` or `pnpm`
Alternatively you can disable ESLint for the workspace folder Protractor_Demo by executing the 'Disable ESLint' command.
[Info  - 10:37:56 PM] 
Failed to load the ESLint library for the document d:\Banking_Domain\Protractor_Demo\spec1.js

To use ESLint please install eslint by running npm install eslint in the workspace folder Protractor_Demo
or globally using 'npm install -g eslint'. You need to reopen the workspace after installing eslint.

If you are using yarn or pnpm instead of npm set the setting `eslint.packageManager` to either `yarn` or `pnpm`
Alternatively you can disable ESLint for the workspace folder Protractor_Demo by executing the 'Disable ESLint' command.
[Info  - 10:37:56 PM] 
Failed to load the ESLint library for the document d:\Banking_Domain\Protractor_Demo\spec1.js

To use ESLint please install eslint by running npm install eslint in the workspace folder Protractor_Demo
or globally using 'npm install -g eslint'. You need to reopen the workspace after installing eslint.

If you are using yarn or pnpm instead of npm set the setting `eslint.packageManager` to either `yarn` or `pnpm`
Alternatively you can disable ESLint for the workspace folder Protractor_Demo by executing the 'Disable ESLint' command.
[Info  - 10:37:56 PM] 
Failed to load the ESLint library for the document d:\Banking_Domain\Protractor_Demo\spec1.js

To use ESLint please install eslint by running npm install eslint in the workspace folder Protractor_Demo
or globally using 'npm install -g eslint'. You need to reopen the workspace after installing eslint.

If you are using yarn or pnpm instead of npm set the setting `eslint.packageManager` to either `yarn` or `pnpm`
Alternatively you can disable ESLint for the workspace folder Protractor_Demo by executing the 'Disable ESLint' command.
[Info  - 10:37:57 PM] 
Failed to load the ESLint library for the document d:\Banking_Domain\Protractor_Demo\spec1.js

To use ESLint please install eslint by running npm install eslint in the workspace folder Protractor_Demo
or globally using 'npm install -g eslint'. You need to reopen the workspace after installing eslint.

If you are using yarn or pnpm instead of npm set the setting `eslint.packageManager` to either `yarn` or `pnpm`
Alternatively you can disable ESLint for the workspace folder Protractor_Demo by executing the 'Disable ESLint' command.
[Info  - 10:37:57 PM] 
Failed to load the ESLint library for the document d:\Banking_Domain\Protractor_Demo\spec1.js

To use ESLint please install eslint by running npm install eslint in the workspace folder Protractor_Demo
or globally using 'npm install -g eslint'. You need to reopen the workspace after installing eslint.

If you are using yarn or pnpm instead of npm set the setting `eslint.packageManager` to either `yarn` or `pnpm`
Alternatively you can disable ESLint for the workspace folder Protractor_Demo by executing the 'Disable ESLint' command.
[Info  - 10:37:58 PM] 
Failed to load the ESLint library for the document d:\Banking_Domain\Protractor_Demo\spec1.js

To use ESLint please install eslint by running npm install eslint in the workspace folder Protractor_Demo
or globally using 'npm install -g eslint'. You need to reopen the workspace after installing eslint.

If you are using yarn or pnpm instead of npm set the setting `eslint.packageManager` to either `yarn` or `pnpm`
Alternatively you can disable ESLint for the workspace folder Protractor_Demo by executing the 'Disable ESLint' command.
[Info  - 10:37:58 PM] 
Failed to load the ESLint library for the document d:\Banking_Domain\Protractor_Demo\spec1.js

To use ESLint please install eslint by running npm install eslint in the workspace folder Protractor_Demo
or globally using 'npm install -g eslint'. You need to reopen the workspace after installing eslint.

If you are using yarn or pnpm instead of npm set the setting `eslint.packageManager` to either `yarn` or `pnpm`
Alternatively you can disable ESLint for the workspace folder Protractor_Demo by executing the 'Disable ESLint' command.
[Info  - 10:37:58 PM] 
Failed to load the ESLint library for the document d:\Banking_Domain\Protractor_Demo\spec1.js

To use ESLint please install eslint by running npm install eslint in the workspace folder Protractor_Demo
or globally using 'npm install -g eslint'. You need to reopen the workspace after installing eslint.

If you are using yarn or pnpm instead of npm set the setting `eslint.packageManager` to either `yarn` or `pnpm`
Alternatively you can disable ESLint for the workspace folder Protractor_Demo by executing the 'Disable ESLint' command.
[Info  - 10:37:58 PM] 
Failed to load the ESLint library for the document d:\Banking_Domain\Protractor_Demo\spec1.js

To use ESLint please install eslint by running npm install eslint in the workspace folder Protractor_Demo
or globally using 'npm install -g eslint'. You need to reopen the workspace after installing eslint.

If you are using yarn or pnpm instead of npm set the setting `eslint.packageManager` to either `yarn` or `pnpm`
Alternatively you can disable ESLint for the workspace folder Protractor_Demo by executing the 'Disable ESLint' command.
[Info  - 10:37:59 PM] 
Failed to load the ESLint library for the document d:\Banking_Domain\Protractor_Demo\spec1.js

To use ESLint please install eslint by running npm install eslint in the workspace folder Protractor_Demo
or globally using 'npm install -g eslint'. You need to reopen the workspace after installing eslint.

If you are using yarn or pnpm instead of npm set the setting `eslint.packageManager` to either `yarn` or `pnpm`
Alternatively you can disable ESLint for the workspace folder Protractor_Demo by executing the 'Disable ESLint' command.
[Info  - 10:37:59 PM] 
Failed to load the ESLint library for the document d:\Banking_Domain\Protractor_Demo\spec1.js

To use ESLint please install eslint by running npm install eslint in the workspace folder Protractor_Demo
or globally using 'npm install -g eslint'. You need to reopen the workspace after installing eslint.

If you are using yarn or pnpm instead of npm set the setting `eslint.packageManager` to either `yarn` or `pnpm`
Alternatively you can disable ESLint for the workspace folder Protractor_Demo by executing the 'Disable ESLint' command.
[Info  - 10:37:59 PM] 
Failed to load the ESLint library for the document d:\Banking_Domain\Protractor_Demo\spec1.js

To use ESLint please install eslint by running npm install eslint in the workspace folder Protractor_Demo
or globally using 'npm install -g eslint'. You need to reopen the workspace after installing eslint.

If you are using yarn or pnpm instead of npm set the setting `eslint.packageManager` to either `yarn` or `pnpm`
Alternatively you can disable ESLint for the workspace folder Protractor_Demo by executing the 'Disable ESLint' command.
[Info  - 10:38:00 PM] 
Failed to load the ESLint library for the document d:\Banking_Domain\Protractor_Demo\spec1.js

To use ESLint please install eslint by running npm install eslint in the workspace folder Protractor_Demo
or globally using 'npm install -g eslint'. You need to reopen the workspace after installing eslint.

If you are using yarn or pnpm instead of npm set the setting `eslint.packageManager` to either `yarn` or `pnpm`
Alternatively you can disable ESLint for the workspace folder Protractor_Demo by executing the 'Disable ESLint' command.
[Info  - 10:38:00 PM] 
Failed to load the ESLint library for the document d:\Banking_Domain\Protractor_Demo\spec1.js

To use ESLint please install eslint by running npm install eslint in the workspace folder Protractor_Demo
or globally using 'npm install -g eslint'. You need to reopen the workspace after installing eslint.

If you are using yarn or pnpm instead of npm set the setting `eslint.packageManager` to either `yarn` or `pnpm`
Alternatively you can disable ESLint for the workspace folder Protractor_Demo by executing the 'Disable ESLint' command.
[Info  - 10:38:01 PM] 
Failed to load the ESLint library for the document d:\Banking_Domain\Protractor_Demo\spec1.js

To use ESLint please install eslint by running npm install eslint in the workspace folder Protractor_Demo
or globally using 'npm install -g eslint'. You need to reopen the workspace after installing eslint.

If you are using yarn or pnpm instead of npm set the setting `eslint.packageManager` to either `yarn` or `pnpm`
Alternatively you can disable ESLint for the workspace folder Protractor_Demo by executing the 'Disable ESLint' command.
[Info  - 10:38:01 PM] 
Failed to load the ESLint library for the document d:\Banking_Domain\Protractor_Demo\spec1.js

To use ESLint please install eslint by running npm install eslint in the workspace folder Protractor_Demo
or globally using 'npm install -g eslint'. You need to reopen the workspace after installing eslint.

If you are using yarn or pnpm instead of npm set the setting `eslint.packageManager` to either `yarn` or `pnpm`
Alternatively you can disable ESLint for the workspace folder Protractor_Demo by executing the 'Disable ESLint' command.
[Info  - 10:38:01 PM] 
Failed to load the ESLint library for the document d:\Banking_Domain\Protractor_Demo\spec1.js

To use ESLint please install eslint by running npm install eslint in the workspace folder Protractor_Demo
or globally using 'npm install -g eslint'. You need to reopen the workspace after installing eslint.

If you are using yarn or pnpm instead of npm set the setting `eslint.packageManager` to either `yarn` or `pnpm`
Alternatively you can disable ESLint for the workspace folder Protractor_Demo by executing the 'Disable ESLint' command.
[Info  - 10:38:02 PM] 
Failed to load the ESLint library for the document d:\Banking_Domain\Protractor_Demo\spec1.js

To use ESLint please install eslint by running npm install eslint in the workspace folder Protractor_Demo
or globally using 'npm install -g eslint'. You need to reopen the workspace after installing eslint.

If you are using yarn or pnpm instead of npm set the setting `eslint.packageManager` to either `yarn` or `pnpm`
Alternatively you can disable ESLint for the workspace folder Protractor_Demo by executing the 'Disable ESLint' command.
[Info  - 10:38:02 PM] 
Failed to load the ESLint library for the document d:\Banking_Domain\Protractor_Demo\spec1.js

To use ESLint please install eslint by running npm install eslint in the workspace folder Protractor_Demo
or globally using 'npm install -g eslint'. You need to reopen the workspace after installing eslint.

If you are using yarn or pnpm instead of npm set the setting `eslint.packageManager` to either `yarn` or `pnpm`
Alternatively you can disable ESLint for the workspace folder Protractor_Demo by executing the 'Disable ESLint' command.
[Info  - 10:38:02 PM] 
Failed to load the ESLint library for the document d:\Banking_Domain\Protractor_Demo\spec1.js

To use ESLint please install eslint by running npm install eslint in the workspace folder Protractor_Demo
or globally using 'npm install -g eslint'. You need to reopen the workspace after installing eslint.

If you are using yarn or pnpm instead of npm set the setting `eslint.packageManager` to either `yarn` or `pnpm`
Alternatively you can disable ESLint for the workspace folder Protractor_Demo by executing the 'Disable ESLint' command.
[Info  - 10:38:03 PM] 
Failed to load the ESLint library for the document d:\Banking_Domain\Protractor_Demo\spec1.js

To use ESLint please install eslint by running npm install eslint in the workspace folder Protractor_Demo
or globally using 'npm install -g eslint'. You need to reopen the workspace after installing eslint.

If you are using yarn or pnpm instead of npm set the setting `eslint.packageManager` to either `yarn` or `pnpm`
Alternatively you can disable ESLint for the workspace folder Protractor_Demo by executing the 'Disable ESLint' command.
[Info  - 10:38:03 PM] 
Failed to load the ESLint library for the document d:\Banking_Domain\Protractor_Demo\spec1.js

To use ESLint please install eslint by running npm install eslint in the workspace folder Protractor_Demo
or globally using 'npm install -g eslint'. You need to reopen the workspace after installing eslint.

If you are using yarn or pnpm instead of npm set the setting `eslint.packageManager` to either `yarn` or `pnpm`
Alternatively you can disable ESLint for the workspace folder Protractor_Demo by executing the 'Disable ESLint' command.
[Info  - 10:38:04 PM] 
Failed to load the ESLint library for the document d:\Banking_Domain\Protractor_Demo\spec1.js

To use ESLint please install eslint by running npm install eslint in the workspace folder Protractor_Demo
or globally using 'npm install -g eslint'. You need to reopen the workspace after installing eslint.

If you are using yarn or pnpm instead of npm set the setting `eslint.packageManager` to either `yarn` or `pnpm`
Alternatively you can disable ESLint for the workspace folder Protractor_Demo by executing the 'Disable ESLint' command.
[Info  - 10:38:04 PM] 
Failed to load the ESLint library for the document d:\Banking_Domain\Protractor_Demo\spec1.js

To use ESLint please install eslint by running npm install eslint in the workspace folder Protractor_Demo
or globally using 'npm install -g eslint'. You need to reopen the workspace after installing eslint.

If you are using yarn or pnpm instead of npm set the setting `eslint.packageManager` to either `yarn` or `pnpm`
Alternatively you can disable ESLint for the workspace folder Protractor_Demo by executing the 'Disable ESLint' command.
[Info  - 10:38:04 PM] 
Failed to load the ESLint library for the document d:\Banking_Domain\Protractor_Demo\spec1.js

To use ESLint please install eslint by running npm install eslint in the workspace folder Protractor_Demo
or globally using 'npm install -g eslint'. You need to reopen the workspace after installing eslint.

If you are using yarn or pnpm instead of npm set the setting `eslint.packageManager` to either `yarn` or `pnpm`
Alternatively you can disable ESLint for the workspace folder Protractor_Demo by executing the 'Disable ESLint' command.
[Info  - 10:38:05 PM] 
Failed to load the ESLint library for the document d:\Banking_Domain\Protractor_Demo\spec1.js

To use ESLint please install eslint by running npm install eslint in the workspace folder Protractor_Demo
or globally using 'npm install -g eslint'. You need to reopen the workspace after installing eslint.

If you are using yarn or pnpm instead of npm set the setting `eslint.packageManager` to either `yarn` or `pnpm`
Alternatively you can disable ESLint for the workspace folder Protractor_Demo by executing the 'Disable ESLint' command.
[Info  - 10:38:05 PM] 
Failed to load the ESLint library for the document d:\Banking_Domain\Protractor_Demo\spec1.js

To use ESLint please install eslint by running npm install eslint in the workspace folder Protractor_Demo
or globally using 'npm install -g eslint'. You need to reopen the workspace after installing eslint.

If you are using yarn or pnpm instead of npm set the setting `eslint.packageManager` to either `yarn` or `pnpm`
Alternatively you can disable ESLint for the workspace folder Protractor_Demo by executing the 'Disable ESLint' command.
[Info  - 10:38:05 PM] 
Failed to load the ESLint library for the document d:\Banking_Domain\Protractor_Demo\spec1.js

To use ESLint please install eslint by running npm install eslint in the workspace folder Protractor_Demo
or globally using 'npm install -g eslint'. You need to reopen the workspace after installing eslint.

If you are using yarn or pnpm instead of npm set the setting `eslint.packageManager` to either `yarn` or `pnpm`
Alternatively you can disable ESLint for the workspace folder Protractor_Demo by executing the 'Disable ESLint' command.
[Info  - 10:38:05 PM] 
Failed to load the ESLint library for the document d:\Banking_Domain\Protractor_Demo\spec1.js

To use ESLint please install eslint by running npm install eslint in the workspace folder Protractor_Demo
or globally using 'npm install -g eslint'. You need to reopen the workspace after installing eslint.

If you are using yarn or pnpm instead of npm set the setting `eslint.packageManager` to either `yarn` or `pnpm`
Alternatively you can disable ESLint for the workspace folder Protractor_Demo by executing the 'Disable ESLint' command.
[Info  - 10:38:06 PM] 
Failed to load the ESLint library for the document d:\Banking_Domain\Protractor_Demo\spec1.js

To use ESLint please install eslint by running npm install eslint in the workspace folder Protractor_Demo
or globally using 'npm install -g eslint'. You need to reopen the workspace after installing eslint.

If you are using yarn or pnpm instead of npm set the setting `eslint.packageManager` to either `yarn` or `pnpm`
Alternatively you can disable ESLint for the workspace folder Protractor_Demo by executing the 'Disable ESLint' command.
[Info  - 10:38:06 PM] 
Failed to load the ESLint library for the document d:\Banking_Domain\Protractor_Demo\spec1.js

To use ESLint please install eslint by running npm install eslint in the workspace folder Protractor_Demo
or globally using 'npm install -g eslint'. You need to reopen the workspace after installing eslint.

If you are using yarn or pnpm instead of npm set the setting `eslint.packageManager` to either `yarn` or `pnpm`
Alternatively you can disable ESLint for the workspace folder Protractor_Demo by executing the 'Disable ESLint' command.
[Info  - 10:38:06 PM] 
Failed to load the ESLint library for the document d:\Banking_Domain\Protractor_Demo\spec1.js

To use ESLint please install eslint by running npm install eslint in the workspace folder Protractor_Demo
or globally using 'npm install -g eslint'. You need to reopen the workspace after installing eslint.

If you are using yarn or pnpm instead of npm set the setting `eslint.packageManager` to either `yarn` or `pnpm`
Alternatively you can disable ESLint for the workspace folder Protractor_Demo by executing the 'Disable ESLint' command.
[Info  - 10:38:06 PM] 
Failed to load the ESLint library for the document d:\Banking_Domain\Protractor_Demo\spec1.js

To use ESLint please install eslint by running npm install eslint in the workspace folder Protractor_Demo
or globally using 'npm install -g eslint'. You need to reopen the workspace after installing eslint.

If you are using yarn or pnpm instead of npm set the setting `eslint.packageManager` to either `yarn` or `pnpm`
Alternatively you can disable ESLint for the workspace folder Protractor_Demo by executing the 'Disable ESLint' command.
[Info  - 10:38:06 PM] 
Failed to load the ESLint library for the document d:\Banking_Domain\Protractor_Demo\spec1.js

To use ESLint please install eslint by running npm install eslint in the workspace folder Protractor_Demo
or globally using 'npm install -g eslint'. You need to reopen the workspace after installing eslint.

If you are using yarn or pnpm instead of npm set the setting `eslint.packageManager` to either `yarn` or `pnpm`
Alternatively you can disable ESLint for the workspace folder Protractor_Demo by executing the 'Disable ESLint' command.
[Info  - 10:38:06 PM] 
Failed to load the ESLint library for the document d:\Banking_Domain\Protractor_Demo\spec1.js

To use ESLint please install eslint by running npm install eslint in the workspace folder Protractor_Demo
or globally using 'npm install -g eslint'. You need to reopen the workspace after installing eslint.

If you are using yarn or pnpm instead of npm set the setting `eslint.packageManager` to either `yarn` or `pnpm`
Alternatively you can disable ESLint for the workspace folder Protractor_Demo by executing the 'Disable ESLint' command.
[Info  - 10:38:06 PM] 
Failed to load the ESLint library for the document d:\Banking_Domain\Protractor_Demo\spec1.js

To use ESLint please install eslint by running npm install eslint in the workspace folder Protractor_Demo
or globally using 'npm install -g eslint'. You need to reopen the workspace after installing eslint.

If you are using yarn or pnpm instead of npm set the setting `eslint.packageManager` to either `yarn` or `pnpm`
Alternatively you can disable ESLint for the workspace folder Protractor_Demo by executing the 'Disable ESLint' command.
[Info  - 10:38:06 PM] 
Failed to load the ESLint library for the document d:\Banking_Domain\Protractor_Demo\spec1.js

To use ESLint please install eslint by running npm install eslint in the workspace folder Protractor_Demo
or globally using 'npm install -g eslint'. You need to reopen the workspace after installing eslint.

If you are using yarn or pnpm instead of npm set the setting `eslint.packageManager` to either `yarn` or `pnpm`
Alternatively you can disable ESLint for the workspace folder Protractor_Demo by executing the 'Disable ESLint' command.
[Info  - 10:38:06 PM] 
Failed to load the ESLint library for the document d:\Banking_Domain\Protractor_Demo\spec1.js

To use ESLint please install eslint by running npm install eslint in the workspace folder Protractor_Demo
or globally using 'npm install -g eslint'. You need to reopen the workspace after installing eslint.

If you are using yarn or pnpm instead of npm set the setting `eslint.packageManager` to either `yarn` or `pnpm`
Alternatively you can disable ESLint for the workspace folder Protractor_Demo by executing the 'Disable ESLint' command.
[Info  - 10:38:06 PM] 
Failed to load the ESLint library for the document d:\Banking_Domain\Protractor_Demo\spec1.js

To use ESLint please install eslint by running npm install eslint in the workspace folder Protractor_Demo
or globally using 'npm install -g eslint'. You need to reopen the workspace after installing eslint.

If you are using yarn or pnpm instead of npm set the setting `eslint.packageManager` to either `yarn` or `pnpm`
Alternatively you can disable ESLint for the workspace folder Protractor_Demo by executing the 'Disable ESLint' command.
[Info  - 10:38:06 PM] 
Failed to load the ESLint library for the document d:\Banking_Domain\Protractor_Demo\spec1.js

To use ESLint please install eslint by running npm install eslint in the workspace folder Protractor_Demo
or globally using 'npm install -g eslint'. You need to reopen the workspace after installing eslint.

If you are using yarn or pnpm instead of npm set the setting `eslint.packageManager` to either `yarn` or `pnpm`
Alternatively you can disable ESLint for the workspace folder Protractor_Demo by executing the 'Disable ESLint' command.
[Info  - 10:38:06 PM] 
Failed to load the ESLint library for the document d:\Banking_Domain\Protractor_Demo\spec1.js

To use ESLint please install eslint by running npm install eslint in the workspace folder Protractor_Demo
or globally using 'npm install -g eslint'. You need to reopen the workspace after installing eslint.

If you are using yarn or pnpm instead of npm set the setting `eslint.packageManager` to either `yarn` or `pnpm`
Alternatively you can disable ESLint for the workspace folder Protractor_Demo by executing the 'Disable ESLint' command.
[Info  - 10:38:06 PM] 
Failed to load the ESLint library for the document d:\Banking_Domain\Protractor_Demo\spec1.js

To use ESLint please install eslint by running npm install eslint in the workspace folder Protractor_Demo
or globally using 'npm install -g eslint'. You need to reopen the workspace after installing eslint.

If you are using yarn or pnpm instead of npm set the setting `eslint.packageManager` to either `yarn` or `pnpm`
Alternatively you can disable ESLint for the workspace folder Protractor_Demo by executing the 'Disable ESLint' command.
[Info  - 10:38:06 PM] 
Failed to load the ESLint library for the document d:\Banking_Domain\Protractor_Demo\spec1.js

To use ESLint please install eslint by running npm install eslint in the workspace folder Protractor_Demo
or globally using 'npm install -g eslint'. You need to reopen the workspace after installing eslint.

If you are using yarn or pnpm instead of npm set the setting `eslint.packageManager` to either `yarn` or `pnpm`
Alternatively you can disable ESLint for the workspace folder Protractor_Demo by executing the 'Disable ESLint' command.
[Info  - 10:38:06 PM] 
Failed to load the ESLint library for the document d:\Banking_Domain\Protractor_Demo\spec1.js

To use ESLint please install eslint by running npm install eslint in the workspace folder Protractor_Demo
or globally using 'npm install -g eslint'. You need to reopen the workspace after installing eslint.

If you are using yarn or pnpm instead of npm set the setting `eslint.packageManager` to either `yarn` or `pnpm`
Alternatively you can disable ESLint for the workspace folder Protractor_Demo by executing the 'Disable ESLint' command.
[Info  - 10:38:07 PM] 
Failed to load the ESLint library for the document d:\Banking_Domain\Protractor_Demo\spec1.js

To use ESLint please install eslint by running npm install eslint in the workspace folder Protractor_Demo
or globally using 'npm install -g eslint'. You need to reopen the workspace after installing eslint.

If you are using yarn or pnpm instead of npm set the setting `eslint.packageManager` to either `yarn` or `pnpm`
Alternatively you can disable ESLint for the workspace folder Protractor_Demo by executing the 'Disable ESLint' command.
